<?xml version="1.0" encoding="UTF-8"?>
<Site BuildName="(empty)"
	BuildStamp="20240529-0835-Experimental"
	Name="lyb"
	Generator="ctest-3.16.3"
	CompilerName="/usr/bin/c++"
	CompilerVersion="9.4.0"
	OSName="Linux"
	Hostname="lyb"
	OSRelease="5.15.0-94-generic"
	OSVersion="#104~20.04.1-Ubuntu SMP Tue Jan 16 13:34:09 UTC 2024"
	OSPlatform="x86_64"
	Is64Bits="1"
	VendorString="GenuineIntel"
	VendorID="Intel Corporation"
	FamilyID="6"
	ModelID="154"
	ProcessorCacheSize="24576"
	NumberOfLogicalCPU="20"
	NumberOfPhysicalCPU="14"
	TotalVirtualMemory="2047"
	TotalPhysicalMemory="31878"
	LogicalProcessorsPerPhysical="1"
	ProcessorClockFrequency="3126.87"
	>
	<Testing>
		<StartDateTime>May 29 23:33 CST</StartDateTime>
		<StartTestTime>1716996827</StartTestTime>
		<TestList/>
		<EndDateTime>May 29 23:33 CST</EndDateTime>
		<EndTestTime>1716996827</EndTestTime>
		<ElapsedMinutes>0</ElapsedMinutes>
	</Testing>
</Site>
