<?xml version="1.0" encoding="UTF-8"?>
<Site BuildName="(empty)"
	BuildStamp="20240531-0803-Experimental"
	Name="lyb"
	Generator="ctest-3.16.3"
	CompilerName="/usr/bin/c++"
	CompilerVersion="9.4.0"
	OSName="Linux"
	Hostname="lyb"
	OSRelease="5.15.0-94-generic"
	OSVersion="#104~20.04.1-Ubuntu SMP Tue Jan 16 13:34:09 UTC 2024"
	OSPlatform="x86_64"
	Is64Bits="1"
	VendorString="GenuineIntel"
	VendorID="Intel Corporation"
	FamilyID="6"
	ModelID="154"
	ProcessorCacheSize="24576"
	NumberOfLogicalCPU="20"
	NumberOfPhysicalCPU="14"
	TotalVirtualMemory="2047"
	TotalPhysicalMemory="31878"
	LogicalProcessorsPerPhysical="1"
	ProcessorClockFrequency="3371.45"
	>
	<Testing>
		<StartDateTime>May 31 20:03 CST</StartDateTime>
		<StartTestTime>1717157024</StartTestTime>
		<TestList/>
		<EndDateTime>May 31 20:03 CST</EndDateTime>
		<EndTestTime>1717157024</EndTestTime>
		<ElapsedMinutes>0</ElapsedMinutes>
	</Testing>
</Site>
